TN:
SF:src/Stable.sol
DA:25,17
FN:25,Stable.constructor
FNDA:17,Stable.constructor
DA:26,17
DA:27,17
DA:39,13333
FN:39,Stable.deposit
FNDA:13333,Stable.deposit
DA:40,13333
BRDA:40,0,0,1
DA:41,1
DA:43,13332
BRDA:43,1,0,1536
BRDA:43,1,1,1024
DA:44,1536
BRDA:44,2,0,512
BRDA:44,2,1,1024
DA:45,512
DA:47,1024
DA:50,11796
DA:51,11796
DA:62,1536
FN:62,Stable.withdraw
FNDA:1536,Stable.withdraw
DA:64,1536
BRDA:64,3,0,512
DA:65,512
DA:67,1024
BRDA:67,4,0,512
BRDA:67,4,1,512
DA:69,512
DA:70,512
DA:71,512
DA:72,512
BRDA:72,5,0,-
BRDA:72,5,1,512
DA:74,512
DA:75,512
BRDA:75,6,0,-
BRDA:75,6,1,512
DA:78,512
DA:79,512
DA:81,512
DA:88,5127
FN:88,Stable.whitelistTokens
FNDA:5127,Stable.whitelistTokens
DA:89,5126
DA:90,5126
DA:96,5126
FN:96,Stable.isWhitelisted
FNDA:5126,Stable.isWhitelisted
DA:97,5126
DA:100,3072
FN:100,Stable.getTotalBalance
FNDA:3072,Stable.getTotalBalance
DA:101,3072
DA:104,3072
FN:104,Stable.getUserBalance
FNDA:3072,Stable.getUserBalance
DA:105,3072
FNF:7
FNH:7
LF:34
LH:34
BRF:12
BRH:10
end_of_record
TN:
SF:src/Utils.sol
DA:37,5127
FN:37,Utils.onlyOwner
FNDA:5127,Utils.onlyOwner
DA:38,5127
BRDA:38,0,0,1
DA:39,1
DA:44,512
FN:44,Utils.nonReentrant
FNDA:512,Utils.nonReentrant
DA:46,512
BRDA:46,1,0,-
DA:47,512
DA:51,256
DA:58,13844
FN:58,Utils._updateBalances
FNDA:13844,Utils._updateBalances
DA:59,13844
BRDA:59,2,0,1024
BRDA:59,2,1,12820
DA:60,1024
DA:61,1024
DA:62,1024
DA:64,12820
DA:65,12820
DA:66,12820
FNF:3
FNH:3
LF:15
LH:15
BRF:4
BRH:3
end_of_record
TN:
SF:src/mocks/MockOracle.sol
DA:8,51
FN:8,MockOracle.constructor
FNDA:51,MockOracle.constructor
DA:9,51
DA:12,68
FN:12,MockOracle.setPriceWeth
FNDA:68,MockOracle.setPriceWeth
DA:13,68
DA:16,0
FN:16,MockOracle.getPrice
FNDA:0,MockOracle.getPrice
DA:17,5908
FNF:3
FNH:2
LF:6
LH:5
BRF:0
BRH:0
end_of_record
TN:
SF:src/modules/StableLending.sol
DA:50,17
FN:50,StableLending.constructor
FNDA:17,StableLending.constructor
DA:51,17
DA:70,1540
FN:70,StableLending.mintStable
FNDA:1540,StableLending.mintStable
DA:73,1540
BRDA:73,0,0,256
BRDA:73,0,1,1028
DA:74,256
DA:75,256
DA:76,256
DA:77,256
DA:78,256
DA:81,1284
DA:82,1284
DA:83,2568
DA:84,2568
DA:85,2568
DA:86,2568
DA:87,2568
DA:88,2568
DA:90,1284
DA:91,1284
DA:92,1284
BRDA:92,1,0,256
DA:93,256
DA:96,1028
DA:97,1028
DA:98,1028
DA:107,256
FN:107,StableLending.repayStable
FNDA:256,StableLending.repayStable
DA:108,256
BRDA:108,2,0,-
DA:109,0
DA:111,256
BRDA:111,3,0,-
DA:112,0
DA:114,256
DA:115,256
DA:116,256
DA:126,512
FN:126,StableLending.unlockColleteral
FNDA:512,StableLending.unlockColleteral
DA:127,512
BRDA:127,4,0,-
DA:128,0
DA:130,512
BRDA:130,5,0,256
DA:131,256
DA:133,256
DA:134,256
DA:135,256
DA:136,256
DA:137,256
DA:138,256
DA:139,256
BRDA:139,6,0,256
BRDA:139,6,1,-
DA:141,256
DA:142,256
DA:143,256
DA:145,0
DA:155,1
FN:155,StableLending.liquidatePosition
FNDA:1,StableLending.liquidatePosition
DA:156,1
DA:157,1
DA:158,1
DA:159,1
BRDA:159,7,0,-
BRDA:159,7,1,-
DA:160,0
DA:161,0
DA:162,0
DA:163,0
DA:164,0
DA:165,0
BRDA:165,8,0,-
DA:166,0
BRDA:166,9,0,-
BRDA:166,9,1,-
DA:167,0
DA:169,0
DA:170,0
BRDA:170,10,0,-
BRDA:170,10,1,-
DA:172,0
DA:174,0
DA:179,1
DA:181,0
DA:190,2
FN:190,StableLending.donate
FNDA:2,StableLending.donate
DA:191,1
DA:192,1
DA:203,1
FN:203,StableLending.isLiquidatable
FNDA:1,StableLending.isLiquidatable
DA:204,1
DA:205,1
DA:206,1
BRDA:206,11,0,1
BRDA:206,11,1,-
DA:207,1
DA:209,0
DA:217,4
FN:217,StableLending.getStableLendingHealthFactor
FNDA:4,StableLending.getStableLendingHealthFactor
DA:218,4
DA:219,4
DA:220,8
DA:221,8
DA:222,8
DA:223,8
DA:225,4
DA:226,4
DA:227,4
DA:230,17
FN:230,StableLending.getSusdAddress
FNDA:17,StableLending.getSusdAddress
DA:231,17
DA:238,1024
FN:238,StableLending.getHealthFactor
FNDA:1024,StableLending.getHealthFactor
DA:239,1024
DA:240,1024
DA:241,1024
DA:247,1026
FN:247,StableLending._getUserPositionsValue
FNDA:1026,StableLending._getUserPositionsValue
DA:248,1026
DA:249,1026
DA:250,2052
DA:251,2052
DA:252,2052
DA:254,1026
DA:257,256
FN:257,StableLending._getAccumulatedAssetValue
FNDA:256,StableLending._getAccumulatedAssetValue
DA:258,256
DA:259,256
DA:260,256
DA:261,768
DA:262,768
DA:263,768
DA:265,256
DA:268,256
FN:268,StableLending._getUSDAssetValue
FNDA:256,StableLending._getUSDAssetValue
DA:269,5908
DA:270,5908
BRDA:270,12,0,5908
BRDA:270,12,1,-
DA:271,5908
DA:273,0
DA:275,5908
DA:278,0
FN:278,StableLending._getHealthFactor
FNDA:0,StableLending._getHealthFactor
DA:279,2570
DA:280,2570
FNF:14
FNH:13
LF:116
LH:96
BRF:20
BRH:7
end_of_record
TN:
SF:src/tokens/StableUSD.sol
DA:13,1028
FN:13,StableUSD.mint
FNDA:1028,StableUSD.mint
DA:14,1028
FNF:1
FNH:1
LF:2
LH:2
BRF:0
BRH:0
end_of_record
TN:
SF:test/utils/BaseTest.t.sol
DA:24,17
FN:24,BaseTest.setUp
FNDA:17,BaseTest.setUp
DA:25,17
DA:26,17
DA:27,17
DA:28,17
DA:29,17
DA:30,17
DA:31,17
DA:32,17
DA:33,17
DA:36,17
FN:36,BaseTest.makeUsers
FNDA:17,BaseTest.makeUsers
DA:37,17
DA:38,68
DA:39,68
DA:40,68
DA:41,68
DA:42,68
DA:43,68
DA:44,68
DA:45,68
DA:46,68
DA:50,0
FN:50,BaseTest.whitelistTokens
FNDA:0,BaseTest.whitelistTokens
DA:51,2563
DA:52,2563
DA:53,2563
DA:54,2563
DA:55,2563
DA:56,2563
FNF:3
FNH:2
LF:28
LH:27
BRF:0
BRH:0
end_of_record
